Arguments: 
  /usr/local/bin/node /usr/local/bin/yarn add -D css-loader html-webpack-plugin mini-css-extract-plugin style-loader svelte svelte-loader webpack webpack-cli webpack-dev-servwer webpack-merge

PATH: 
  /usr/local/bin:/usr/bin:/bin:/usr/sbin:/sbin:/opt/X11/bin:/opt/ImageMagick/bin:/Users/ridho/Library/Android/sdk//tools:/Users/ridho/Library/Android/sdk//platform-tools

Yarn version: 
  1.7.0

Node version: 
  10.16.0

Platform: 
  darwin x64

Trace: 
  Error: https://registry.yarnpkg.com/webpack-dev-servwer: Not found
      at Request.params.callback [as _callback] (/usr/local/lib/node_modules/yarn/lib/cli.js:65656:18)
      at Request.self.callback (/usr/local/lib/node_modules/yarn/lib/cli.js:134675:22)
      at Request.emit (events.js:198:13)
      at Request.<anonymous> (/usr/local/lib/node_modules/yarn/lib/cli.js:135658:10)
      at Request.emit (events.js:198:13)
      at IncomingMessage.<anonymous> (/usr/local/lib/node_modules/yarn/lib/cli.js:135578:12)
      at Object.onceWrapper (events.js:286:20)
      at IncomingMessage.emit (events.js:203:15)
      at endReadableNT (_stream_readable.js:1129:12)
      at process._tickCallback (internal/process/next_tick.js:63:19)

npm manifest: 
  {
    "name": "Todo-Svelte",
    "version": "1.0.0",
    "main": "index.js",
    "license": "MIT"
  }

yarn manifest: 
  No manifest

Lockfile: 
  No lockfile
